<?xml version="1.0" encoding="UTF-8"?>
<testng-results ignored="0" total="1" passed="1" failed="0" skipped="0">
  <reporter-output>
  </reporter-output>
  <suite started-at="2025-02-27T00:24:34 EET" name="Surefire suite" finished-at="2025-02-27T00:24:36 EET" duration-ms="2098">
    <groups>
    </groups>
    <test started-at="2025-02-27T00:24:34 EET" name="Surefire test" finished-at="2025-02-27T00:24:36 EET" duration-ms="2098">
      <class name="CreateAuthTest">
        <test-method signature="AuthCreationtest()[pri:0, instance:CreateAuthTest@3059cbc]" started-at="2025-02-27T00:24:34 EET" name="AuthCreationtest" finished-at="2025-02-27T00:24:36 EET" duration-ms="2016" status="PASS">
          <reporter-output>
          </reporter-output>
        </test-method> <!-- AuthCreationtest -->
      </class> <!-- CreateAuthTest -->
    </test> <!-- Surefire test -->
  </suite> <!-- Surefire suite -->
</testng-results>
